#
# There is insufficient memory for the Java Runtime Environment to continue.
# Native memory allocation (malloc) failed to allocate 1048576 bytes for AllocateHeap
# Possible reasons:
#   The system is out of physical RAM or swap space
#   In 32 bit mode, the process size limit was hit
# Possible solutions:
#   Reduce memory load on the system
#   Increase physical memory or swap space
#   Check if swap backing store is full
#   Use 64 bit Java on a 64 bit OS
#   Decrease Java heap size (-Xmx/-Xms)
#   Decrease number of Java threads
#   Decrease Java thread stack sizes (-Xss)
#   Set larger code cache with -XX:ReservedCodeCacheSize=
# This output file may be truncated or incomplete.
#
#  Out of Memory Error (memory/allocation.inline.hpp:61), pid=16796, tid=16896
#
# JRE version:  (7.0_75-b13) (build )
# Java VM: Java HotSpot(TM) 64-Bit Server VM (24.75-b04 mixed mode windows-amd64 compressed oops)
# Failed to write core dump. Minidumps are not enabled by default on client versions of Windows
#

---------------  T H R E A D  ---------------

Current thread (0x0000000002fd0800):  JavaThread "Unknown thread" [_thread_in_vm, id=16896, stack(0x0000000002e20000,0x0000000002f20000)]

Stack: [0x0000000002e20000,0x0000000002f20000]
[error occurred during error reporting (printing stack bounds), id 0xc0000005]


---------------  P R O C E S S  ---------------

Java Threads: ( => current thread )

Other Threads:

=>0x0000000002fd0800 (exited) JavaThread "Unknown thread" [_thread_in_vm, id=16896, stack(0x0000000002e20000,0x0000000002f20000)]

VM state:not at safepoint (normal execution)

VM Mutex/Monitor currently owned by a thread: None

Heap
 PSYoungGen      total 57344K, used 993K [0x00000007c0700000, 0x00000007c4680000, 0x0000000800000000)
  eden space 49664K, 2% used [0x00000007c0700000,0x00000007c07f8570,0x00000007c3780000)
  from space 7680K, 0% used [0x00000007c3f00000,0x00000007c3f00000,0x00000007c4680000)
  to   space 7680K, 0% used [0x00000007c3780000,0x00000007c3780000,0x00000007c3f00000)
 ParOldGen       total 130048K, used 0K [0x0000000741600000, 0x0000000749500000, 0x00000007c0700000)
  object space 130048K, 0% used [0x0000000741600000,0x0000000741600000,0x0000000749500000)
 PSPermGen       total 21504K, used 679K [0x000000073c400000, 0x000000073d900000, 0x0000000741600000)
  object space 21504K, 3% used [0x000000073c400000,0x000000073c4a9f78,0x000000073d900000)

Card table byte_map: [0x0000000006190000,0x00000000067b0000] byte_map_base: 0x00000000027ae000

Polling page: 0x00000000013f0000

Code Cache  [0x00000000030d0000, 0x0000000003340000, 0x00000000060d0000)
 total_blobs=38 nmethods=0 adapters=20 free_code_cache=48889Kb largest_free_block=50062528

Compilation events (0 events):
No events

GC Heap History (0 events):
No events

Deoptimization events (0 events):
No events

Internal exceptions (0 events):
No events

Events (10 events):
Event: 0.045 loading class 0x000000000301f1c0
Event: 0.045 loading class 0x000000000301f1c0 done
Event: 0.046 loading class 0x000000000301f210
Event: 0.046 loading class 0x000000000301f210 done
Event: 0.046 loading class 0x000000000301f260
Event: 0.046 loading class 0x000000000301f260 done
Event: 0.047 loading class 0x000000000301ffe0
Event: 0.047 loading class 0x000000000301ffe0 done
Event: 0.047 loading class 0x000000000301fc00
Event: 0.047 loading class 0x000000000301fc00 done


Dynamic libraries:
0x00007ff632700000 - 0x00007ff632733000 	C:\Program Files\Java\jre7\bin\javaw.exe
0x00007ffc0a9b0000 - 0x00007ffc0ab59000 	C:\Windows\SYSTEM32\ntdll.dll
0x00007ffc08400000 - 0x00007ffc08539000 	C:\Windows\system32\KERNEL32.DLL
0x00007ffc08030000 - 0x00007ffc0813e000 	C:\Windows\system32\KERNELBASE.dll
0x00007ffc06910000 - 0x00007ffc0699b000 	C:\Windows\system32\apphelp.dll
0x00007ffbf6fe0000 - 0x00007ffbf702c000 	C:\Windows\AppPatch\AppPatch64\AcGenral.DLL
0x00007ffc08240000 - 0x00007ffc082e7000 	C:\Windows\system32\msvcrt.dll
0x00007ffc07ad0000 - 0x00007ffc07afb000 	C:\Windows\SYSTEM32\SspiCli.dll
0x00007ffc0a7b0000 - 0x00007ffc0a801000 	C:\Windows\system32\SHLWAPI.dll
0x00007ffc0a4d0000 - 0x00007ffc0a641000 	C:\Windows\system32\USER32.dll
0x00007ffc08550000 - 0x00007ffc086c6000 	C:\Windows\system32\ole32.dll
0x00007ffc08cb0000 - 0x00007ffc0a0bf000 	C:\Windows\system32\SHELL32.dll
0x00007ffc07310000 - 0x00007ffc0732f000 	C:\Windows\SYSTEM32\USERENV.dll
0x00007ffc086d0000 - 0x00007ffc08775000 	C:\Windows\system32\ADVAPI32.dll
0x00007ffbf61e0000 - 0x00007ffbf61fb000 	C:\Windows\SYSTEM32\MPR.dll
0x00007ffc0a650000 - 0x00007ffc0a786000 	C:\Windows\system32\RPCRT4.dll
0x00007ffc0a810000 - 0x00007ffc0a867000 	C:\Windows\SYSTEM32\sechost.dll
0x00007ffc08ac0000 - 0x00007ffc08c97000 	C:\Windows\SYSTEM32\combase.dll
0x00007ffc08790000 - 0x00007ffc088d5000 	C:\Windows\system32\GDI32.dll
0x00007ffc07d30000 - 0x00007ffc07d44000 	C:\Windows\SYSTEM32\profapi.dll
0x00007ffc06310000 - 0x00007ffc063b1000 	C:\Windows\SYSTEM32\SHCORE.dll
0x00007ffc0a120000 - 0x00007ffc0a154000 	C:\Windows\system32\IMM32.DLL
0x00007ffc0a870000 - 0x00007ffc0a9a8000 	C:\Windows\system32\MSCTF.dll
0x00007ffc07cf0000 - 0x00007ffc07d1f000 	C:\Windows\system32\nvinitx.dll
0x000000000f000000 - 0x000000000f006000 	C:\Program Files\NVIDIA Corporation\CoProcManager\detoured.dll
0x00007ffc060d0000 - 0x00007ffc0612f000 	C:\Program Files\NVIDIA Corporation\CoProcManager\nvd3d9wrapx.dll
0x00007ffc088e0000 - 0x00007ffc08ab6000 	C:\Windows\system32\SETUPAPI.dll
0x00007ffc07e00000 - 0x00007ffc07e4a000 	C:\Windows\system32\CFGMGR32.dll
0x00007ffc05e20000 - 0x00007ffc05e66000 	C:\Program Files\NVIDIA Corporation\CoProcManager\nvdxgiwrapx.dll
0x00007ffc05e70000 - 0x00007ffc060ca000 	C:\Windows\WinSxS\amd64_microsoft.windows.common-controls_6595b64144ccf1df_6.0.9600.16384_none_62475f7becb72503\COMCTL32.dll
0x0000000070850000 - 0x0000000070922000 	C:\Program Files\Java\jre7\bin\msvcr100.dll
0x000000006ff60000 - 0x0000000070734000 	C:\Program Files\Java\jre7\bin\server\jvm.dll
0x00007ffc050a0000 - 0x00007ffc050a9000 	C:\Windows\SYSTEM32\WSOCK32.dll
0x00007ffc05560000 - 0x00007ffc0557f000 	C:\Windows\SYSTEM32\WINMM.dll
0x00007ffc08540000 - 0x00007ffc08547000 	C:\Windows\system32\PSAPI.DLL
0x00007ffc083a0000 - 0x00007ffc083f8000 	C:\Windows\system32\WS2_32.dll
0x00007ffc05520000 - 0x00007ffc0554a000 	C:\Windows\SYSTEM32\WINMMBASE.dll
0x00007ffc08780000 - 0x00007ffc08789000 	C:\Windows\system32\NSI.dll
0x00007ffc06b60000 - 0x00007ffc06b86000 	C:\Windows\SYSTEM32\DEVOBJ.dll
0x0000000070f10000 - 0x0000000070f1f000 	C:\Program Files\Java\jre7\bin\verify.dll
0x0000000070ee0000 - 0x0000000070f08000 	C:\Program Files\Java\jre7\bin\java.dll
0x0000000070ec0000 - 0x0000000070ed5000 	C:\Program Files\Java\jre7\bin\zip.dll

VM Arguments:
jvm_args: -Dfile.encoding=Cp1252 
java_command: axohEngine2.Judgement
Launcher Type: SUN_STANDARD

Environment Variables:
PATH=C:/Program Files/Java/jdk1.8.0_31/bin/../jre/bin/server;C:/Program Files/Java/jdk1.8.0_31/bin/../jre/bin;C:/Program Files/Java/jdk1.8.0_31/bin/../jre/lib/amd64;C:\Program Files\Java\jdk1.8.0_31\bin;C:\Program Files (x86)\MiKTeX 2.9\miktex\bin\;C:\Program Files (x86)\Common Files\Adobe\AGL;C:\Users\Jules\Desktop\eclipse;
USERNAME=Jules
OS=Windows_NT
PROCESSOR_IDENTIFIER=Intel64 Family 6 Model 60 Stepping 3, GenuineIntel



---------------  S Y S T E M  ---------------

OS: Windows 8.1 , 64 bit Build 9600 

CPU:total 8 (4 cores per cpu, 2 threads per core) family 6 model 60 stepping 3, cmov, cx8, fxsr, mmx, sse, sse2, sse3, ssse3, sse4.1, sse4.2, popcnt, avx, avx2, aes, erms, ht, tsc, tscinvbit

Memory: 4k page, physical 12492676k(6605332k free), swap 24577132k(6016k free)

vm_info: Java HotSpot(TM) 64-Bit Server VM (24.75-b04) for windows-amd64 JRE (1.7.0_75-b13), built on Dec 18 2014 17:15:01 by "java_re" with unknown MS VC++:1600

time: Sat Oct 31 15:39:31 2015
elapsed time: 0 seconds

